<?xml version="1.0" encoding="UTF-8"?>
<!-- Generated by org.testng.reporters.JUnitReportReporter -->
<testsuite hostname="L-5CD01712CL" failures="0" tests="1" name="tests.ThreeTest" time="17.958" errors="0" timestamp="2024-02-07T18:37:14 IST" skipped="0">
  <testcase classname="tests.ThreeTest" name="threeTest" time="17.958"/>
</testsuite> <!-- tests.ThreeTest -->
