<?xml version="1.0" encoding="UTF-8"?>
<!-- Generated by org.testng.reporters.JUnitReportReporter -->
<testsuite hostname="L-5CD01712CL" failures="0" tests="1" name="tests.LoginTest" time="33.913" errors="0" timestamp="2024-02-07T18:37:14 IST" skipped="0">
  <testcase classname="tests.LoginTest" name="login" time="33.913"/>
</testsuite> <!-- tests.LoginTest -->
