<?xml version="1.0" encoding="UTF-8"?>
<!-- Generated by org.testng.reporters.JUnitReportReporter -->
<testsuite hostname="L-5CD01712CL" failures="0" tests="1" name="tests.TwoTest" time="31.078" errors="0" timestamp="2024-02-07T18:37:14 IST" skipped="0">
  <testcase classname="tests.TwoTest" name="twoTest" time="31.078"/>
</testsuite> <!-- tests.TwoTest -->
