<?xml version="1.0" encoding="UTF-8"?>
<!-- Generated by org.testng.reporters.JUnitReportReporter -->
<testsuite hostname="L-5CD01712CL" failures="0" tests="1" name="TestngRun.runnersTest" time="25.076" errors="0" timestamp="2024-02-07T22:59:01 IST" skipped="0">
  <testcase classname="TestngRun.runnersTest" name="runScenario" time="25.076"/>
</testsuite> <!-- TestngRun.runnersTest -->
